<?xml version="1.0" encoding="UTF-8"?>
<!-- Generated by org.testng.reporters.JUnitReportReporter -->
<testsuite name="com.qa.test.Weathertest" tests="9" time="9.425" ignored="0" failures="0" timestamp="06 Feb 2021 04:10:50 GMT" skipped="0" hostname="Bhagi-PC" errors="0">
  <testcase name="Validatestation1Data" time="1.145" classname="com.qa.test.Weathertest"/>
  <testcase name="Deletestation1Data" time="0.862" classname="com.qa.test.Weathertest"/>
  <testcase name="AgainDeletetation1Data" time="1.051" classname="com.qa.test.Weathertest"/>
  <testcase name="AgainDeletetation2Data" time="0.990" classname="com.qa.test.Weathertest"/>
  <testcase name="Deletestation2Data" time="1.275" classname="com.qa.test.Weathertest"/>
  <testcase name="Registerstation1" time="0.978" classname="com.qa.test.Weathertest"/>
  <testcase name="Validatestation2Data" time="0.792" classname="com.qa.test.Weathertest"/>
  <testcase name="attemptToRegisterWeatherStationWithoutAPIkey" time="1.503" classname="com.qa.test.Weathertest"/>
  <testcase name="Registerstation2" time="0.829" classname="com.qa.test.Weathertest"/>
</testsuite> <!-- com.qa.test.Weathertest -->
