<?xml version="1.0" encoding="UTF-8"?>
<!-- Generated by org.testng.reporters.JUnitReportReporter -->
<testsuite skipped="1" hostname="Bhagi-PC" name="com.qa.test.AutomationPracticeTest" tests="2" failures="0" timestamp="06 Sep 2021 15:07:26 GMT" time="68.480" errors="0">
  <testcase name="AddTshirtInCartScenario" time="68.480" classname="com.qa.test.AutomationPracticeTest"/>
  <testcase name="GetAllLinksOfMenu" classname="com.qa.test.AutomationPracticeTest">
    <skipped/>
  </testcase> <!-- GetAllLinksOfMenu -->
</testsuite> <!-- com.qa.test.AutomationPracticeTest -->
