<?xml version="1.0" encoding="UTF-8"?>
<!-- Generated by org.testng.reporters.JUnitReportReporter -->
<testsuite skipped="2" hostname="sisahdlpt083" name="com.qa.test.ExtentDemo" tests="6" failures="0" timestamp="25 Aug 2021 12:36:10 GMT" time="0.018" errors="0">
  <testcase name="testCase3" time="0.001" classname="com.qa.test.ExtentDemo"/>
  <testcase name="testCase1" time="0.012" classname="com.qa.test.ExtentDemo"/>
  <testcase name="testCase4" time="0.001" classname="com.qa.test.ExtentDemo"/>
  <testcase name="testCase2" time="0.002" classname="com.qa.test.ExtentDemo"/>
  <testcase name="testCase5" time="0.002" classname="com.qa.test.ExtentDemo">
    <skipped/>
  </testcase> <!-- testCase5 -->
  <testcase name="testCase6" classname="com.qa.test.ExtentDemo">
    <skipped/>
  </testcase> <!-- testCase6 -->
</testsuite> <!-- com.qa.test.ExtentDemo -->
