<?xml version="1.0" encoding="UTF-8"?>
<!-- Generated by org.testng.reporters.JUnitReportReporter -->
<testsuite name="com.qa.test.AutomationPracticeTest" tests="1" time="51.702" ignored="1" failures="0" timestamp="07 Sep 2021 14:13:39 GMT" skipped="0" hostname="Bhagi-PC" errors="0">
  <testcase name="AddTshirtInCartScenario" time="51.702" classname="com.qa.test.AutomationPracticeTest"/>
  <testcase name="GetAllLinksOfMenu" classname="com.qa.test.AutomationPracticeTest">
    <skipped/>
  </testcase> <!-- GetAllLinksOfMenu -->
</testsuite> <!-- com.qa.test.AutomationPracticeTest -->
