<?xml version="1.0" encoding="UTF-8"?>
<!-- Generated by org.testng.reporters.JUnitReportReporter -->
<testsuite ignored="1" hostname="Bhagi-PC" failures="0" tests="1" name="com.qa.test.AutomationPracticeTest" time="35.507" errors="0" timestamp="06 Sep 2021 15:09:30 GMT" skipped="0">
  <testcase classname="com.qa.test.AutomationPracticeTest" name="AddTshirtInCartScenario" time="35.507"/>
  <testcase classname="com.qa.test.AutomationPracticeTest" name="GetAllLinksOfMenu">
    <skipped/>
  </testcase> <!-- GetAllLinksOfMenu -->
</testsuite> <!-- com.qa.test.AutomationPracticeTest -->
